# Simulated position offsets at X, K, Ka, and Gaia
# Columns  Meaning
#    0     IERS name
#    1     K-X offset (mas)
#    2     down limit (mas)
#    3     up limit (mas)
#    4     PA of K-X offset (deg)
#    5     down limit (deg)
#    6     up limit (deg)
#    7     Ka-X offset (mas)
#    8     down limit (mas)
#    9     up limit (mas)
#   10     PA of Ka-X offset (deg)
#   11     down limit (deg)
#   12     up limit (deg)
#   13     Gaia-X offset (mas)
#   14     down limit (mas)
#   15     up limit (mas)
#   16     PA of Gaia-X offset (deg)
#   17     down limit (deg)
#   18     up limit (deg)
# Created at Thu Mar  5 22:13:14 2020
0002+541  0.133  0.000  0.224  185  158  212  0.276  0.000  0.450  152  138  165  0.485  0.000  0.852  60  50  69  
0002-478  0.665  0.000  1.216  31  24  35  0.541  0.000  0.943  183  178  188  0.290  0.000  0.481  341  329  353  
0003+380  0.140  0.000  0.213  113  86  140  0.164  0.000  0.260  140  114  162  8.324  0.000  16.599  130  130  131  
0003-066  0.449  0.000  0.811  184  175  189  0.498  0.000  0.888  346  341  351  0.270  0.000  0.426  332  319  345  
0006+061  0.542  0.000  0.887  164  157  171  0.186  0.000  0.324  208  184  229  2.982  0.000  5.852  47  -133  51  
0007+106  0.068  0.000  0.127  336  301  371  0.232  0.000  0.373  335  321  347  0.455  0.000  0.823  58  49  66  
0008-264  0.268  0.000  0.434  340  331  348  0.157  0.000  0.246  184  166  203  0.283  0.000  0.456  78  64  93  
0009+081  0.135  0.000  0.239  334  316  350  0.205  0.000  0.343  292  268  314  0.201  0.000  0.336  131  112  148  
0010-401  1.397  0.000  2.414  182  179  185  0.399  0.000  0.652  171  159  179  0.289  0.000  0.450  353  327  371  
0013-005  0.229  0.000  0.383  9  -171  19  0.306  0.000  0.495  337  326  346  1.233  0.000  2.361  342  162  346  
0016+731  0.074  0.000  0.129  165  129  200  0.110  0.000  0.181  169  125  210  0.212  0.000  0.360  279  264  292  
0017+200  0.093  0.000  0.150  177  147  205  0.107  0.000  0.184  179  154  202  0.646  0.000  1.171  347  339  352  
0017+257  0.108  0.000  0.188  317  273  357  0.322  0.000  0.530  152  141  162  0.198  0.000  0.316  145  123  169  
0019+058  0.089  0.000  0.153  346  321  370  0.112  0.000  0.184  178  148  206  0.471  0.000  0.822  124  118  130  
0038-020  0.427  0.000  0.712  349  342  355  0.700  0.000  1.167  347  341  352  0.460  0.000  0.808  331  323  338  
0044+030  0.293  0.000  0.483  41  16  68  0.245  0.000  0.424  118  87  145  0.189  0.000  0.323  157  127  188  
0047+023  0.240  0.000  0.392  165  155  174  0.131  0.000  0.209  176  135  220  0.158  0.000  0.273  164  141  184  
0047-579  0.291  0.000  0.503  63  52  75  0.298  0.000  0.504  32  21  42  0.301  0.000  0.478  330  315  343  
0048-097  0.171  0.000  0.281  274  257  289  0.212  0.000  0.356  267  250  285  0.239  0.000  0.403  282  268  294  
0055+060  0.228  0.000  0.380  341  328  354  0.280  0.000  0.419  340  324  356  0.588  0.000  1.022  227  217  236  
0056-572  0.625  0.000  1.143  58  49  67  0.441  0.000  0.739  -0  -180  8  0.419  0.000  0.678  129  114  144  
0059+581  0.121  0.000  0.185  108  77  136  0.232  0.000  0.382  154  142  166  0.148  0.000  0.240  171  136  200  
0100-760  0.332  0.000  0.543  353  319  385  0.385  0.000  0.662  249  223  270  0.544  0.000  0.845  280  257  302  
0104-408  0.214  0.000  0.368  76  65  87  0.345  0.000  0.599  171  162  178  0.288  0.000  0.482  251  238  264  
0106+013  0.187  0.000  0.299  156  143  167  0.096  0.000  0.164  193  149  239  0.186  0.000  0.302  234  209  256  
0106+315  0.490  0.000  0.797  0  -180  7  0.645  0.000  1.063  359  354  365  0.470  0.000  0.798  345  334  353  
0109+200  0.418  0.000  0.751  40  32  48  0.539  0.000  0.894  3  -177  9  0.398  0.000  0.675  58  45  71  
0109+224  0.222  0.000  0.360  321  310  332  0.115  0.000  0.183  184  139  221  0.199  0.000  0.320  176  155  195  
0109+351  0.215  0.000  0.347  216  200  230  0.241  0.000  0.362  191  176  204  0.663  0.000  1.169  276  269  282  
0110+495  0.118  0.000  0.184  341  317  365  0.134  0.000  0.219  44  21  68  0.599  0.000  1.074  315  307  320  
0111+021  0.104  0.000  0.177  60  30  85  0.133  0.000  0.213  234  199  270  3.538  0.000  7.000  137  -43  143  
0112-017  0.582  0.000  1.107  256  249  261  0.613  0.000  1.128  269  261  275  0.691  0.000  1.256  276  270  281  
0113-118  0.231  0.000  0.357  177  167  188  0.213  0.000  0.355  161  148  174  0.155  0.000  0.245  300  247  352  
0115-214  0.191  0.000  0.331  346  336  356  0.247  0.000  0.411  276  259  291  0.523  0.000  0.940  3  -177  9  
0119+041  0.109  0.000  0.174  206  178  229  0.106  0.000  0.191  184  164  201  0.668  0.000  1.201  292  284  297  
0119+115  0.176  0.000  0.263  130  112  147  0.344  0.000  0.591  180  174  187  6.863  0.000  13.662  16  15  16  
0119+247  0.155  0.000  0.260  252  227  277  0.205  0.000  0.333  203  187  217  0.281  0.000  0.451  280  261  297  
0122-003  0.529  0.000  0.890  330  322  337  0.776  0.000  1.365  353  348  357  0.551  0.000  0.981  351  342  358  
0123+257  0.197  0.000  0.345  329  318  339  0.102  0.000  0.182  158  116  199  0.241  0.000  0.361  174  156  194  
0127+084  0.198  0.000  0.325  20  -160  44  0.174  0.000  0.292  151  120  181  1.278  0.000  2.356  129  125  132  
0133+476  0.118  0.000  0.186  94  66  122  0.183  0.000  0.303  91  70  111  0.162  0.000  0.265  116  96  133  
0138-097  0.201  0.000  0.335  152  141  163  0.103  0.000  0.175  159  113  199  0.605  0.000  1.097  207  198  213  
0148-177  0.181  0.000  0.278  154  121  176  0.217  0.000  0.341  185  171  199  0.175  0.000  0.294  169  145  191  
0149+218  0.128  0.000  0.204  200  178  218  0.110  0.000  0.188  205  172  230  0.564  0.000  0.995  4  -176  11  
0159-668  0.197  0.000  0.341  182  110  215  0.370  0.000  0.597  196  175  210  0.969  0.000  1.806  249  240  256  
0201+113  0.173  0.000  0.283  181  168  192  0.154  0.000  0.247  207  162  227  0.132  0.000  0.221  166  139  194  
0202+319  0.116  0.000  0.176  11  -169  35  0.174  0.000  0.290  156  140  172  0.163  0.000  0.259  210  180  241  
0203-120  0.430  0.000  0.728  184  176  190  0.556  0.000  0.928  181  173  186  0.886  0.000  1.668  121  116  126  
0213-026  0.266  0.000  0.432  149  136  161  0.278  0.000  0.461  162  151  173  9.671  0.000  19.188  219  218  219  
0219+428  0.108  0.000  0.169  342  302  375  0.205  0.000  0.331  162  148  176  0.637  0.000  1.165  165  158  171  
0220-349  0.483  0.000  0.887  260  252  266  0.358  0.000  0.571  173  162  181  0.756  0.000  1.405  232  224  237  
0221+067  0.109  0.000  0.179  357  338  376  0.185  0.000  0.281  133  109  155  0.278  0.000  0.452  246  231  260  
0224+671  0.099  0.000  0.153  178  123  225  0.143  0.000  0.221  143  104  173  0.312  0.000  0.495  321  309  331  
0229+131  0.327  0.000  0.576  272  262  279  0.331  0.000  0.601  222  213  229  0.634  0.000  1.124  210  204  216  
0234+285  0.087  0.000  0.141  160  121  196  0.262  0.000  0.434  158  147  167  0.215  0.000  0.327  332  314  349  
0235+164  0.087  0.000  0.145  322  290  354  0.143  0.000  0.229  172  150  198  0.199  0.000  0.302  313  291  332  
0235-618  0.371  0.000  0.639  17  10  24  0.170  0.000  0.279  353  330  373  1.409  0.000  2.698  235  55  239  
0237+040  0.197  0.000  0.320  322  309  336  0.187  0.000  0.282  173  154  190  0.412  0.000  0.690  197  186  207  
0237-027  0.167  0.000  0.258  326  309  340  0.135  0.000  0.223  150  123  175  0.551  0.000  0.973  54  46  61  
0239+108  0.152  0.000  0.241  190  174  204  0.128  0.000  0.215  207  185  229  1.505  0.000  2.895  124  122  126  
0244-470  0.677  0.000  1.164  13  5  18  0.318  0.000  0.510  225  209  239  0.322  0.000  0.566  15  3  27  
0248-266  0.321  0.000  0.516  325  310  337  0.146  0.000  0.256  181  147  205  0.552  0.000  0.957  82  68  94  
0252-549  0.162  0.000  0.259  366  344  393  0.116  0.000  0.220  204  179  226  0.182  0.000  0.293  324  284  359  
0256+192  0.435  0.000  0.694  330  321  339  0.255  0.000  0.407  348  334  360  0.195  0.000  0.318  333  307  357  
0256-005  0.195  0.000  0.335  154  144  164  0.258  0.000  0.462  146  136  157  0.250  0.000  0.386  284  269  300  
0300+470  0.086  0.000  0.141  187  149  219  0.144  0.000  0.238  164  144  184  0.323  0.000  0.547  182  171  193  
0302-623  0.502  0.000  0.918  53  45  57  0.379  0.000  0.671  170  163  176  0.264  0.000  0.415  51  33  69  
0306+102  0.189  0.000  0.300  343  331  356  0.151  0.000  0.234  168  144  191  0.120  0.000  0.215  126  100  147  
0309+411  0.126  0.000  0.189  89  56  121  0.324  0.000  0.561  147  137  155  1.364  0.000  2.643  290  110  294  
0322+222  0.100  0.000  0.165  115  88  144  0.155  0.000  0.248  179  162  194  0.551  0.000  0.972  232  222  239  
0322-294  1.258  0.000  2.372  37  30  41  0.297  0.000  0.499  328  306  348  0.310  0.000  0.542  91  66  115  
0326+277  0.119  0.000  0.203  330  298  358  0.234  0.000  0.398  312  296  326  0.190  0.000  0.311  293  270  318  
0332-403  0.606  0.000  1.123  26  16  30  0.288  0.000  0.447  196  184  204  0.429  0.000  0.735  277  269  285  
0333+321  0.075  0.000  0.131  39  -141  81  0.143  0.000  0.238  164  143  180  0.315  0.000  0.519  269  257  281  
0334-131  0.195  0.000  0.311  15  1  29  0.144  0.000  0.254  354  334  370  1.800  0.000  3.496  220  40  224  
0336-019  0.087  0.000  0.144  334  298  377  0.138  0.000  0.216  157  123  185  0.162  0.000  0.247  140  110  174  
0340+362  0.308  0.000  0.529  5  -175  12  0.188  0.000  0.285  186  170  199  2.026  0.000  3.957  236  56  240  
0345+460  0.118  0.000  0.185  343  319  369  0.247  0.000  0.420  140  127  152  1.648  0.000  3.209  254  251  256  
0346+800  0.159  0.000  0.246  346  302  391  0.161  0.000  0.279  29  -151  56  0.308  0.000  0.477  150  134  164  
0346-279  0.254  0.000  0.444  154  143  161  0.225  0.000  0.362  212  200  223  0.573  0.000  1.028  69  63  75  
0350+465  0.232  0.000  0.401  172  160  182  0.215  0.000  0.365  171  157  183  0.332  0.000  0.558  198  185  211  
0358+040  0.131  0.000  0.216  10  -170  54  0.118  0.000  0.225  180  161  199  0.345  0.000  0.570  276  260  292  
0358+210  0.101  0.000  0.175  346  327  366  0.293  0.000  0.487  149  138  159  0.196  0.000  0.319  226  203  247  
0400+258  0.185  0.000  0.317  279  264  292  0.432  0.000  0.770  127  119  135  0.847  0.000  1.579  97  93  100  
0402-362  0.290  0.000  0.466  186  178  194  0.260  0.000  0.424  191  181  200  0.154  0.000  0.245  166  133  195  
0403-132  0.369  0.000  0.659  152  147  158  0.131  0.000  0.213  332  299  368  0.380  0.000  0.598  143  134  152  
0405-123  0.193  0.000  0.333  23  11  33  0.156  0.000  0.251  17  -163  33  0.372  0.000  0.640  179  169  189  
0405-331  0.134  0.000  0.261  356  341  368  0.155  0.000  0.273  175  130  195  0.544  0.000  0.915  327  318  335  
0405-385  0.319  0.000  0.559  22  13  28  0.098  0.000  0.169  178  140  218  0.330  0.000  0.547  1  -179  12  
0406+121  0.111  0.000  0.178  344  318  368  0.127  0.000  0.207  354  325  380  0.655  0.000  1.198  30  22  36  
0406-127  0.121  0.000  0.195  189  161  209  0.188  0.000  0.306  149  131  165  0.406  0.000  0.691  203  192  213  
0409+229  0.305  0.000  0.509  111  100  122  0.323  0.000  0.513  159  148  168  0.429  0.000  0.778  197  188  206  
0414-189  0.115  0.000  0.194  112  89  133  0.119  0.000  0.193  210  171  242  0.203  0.000  0.349  284  267  297  
0420+022  0.072  0.000  0.128  9  -171  42  0.154  0.000  0.244  159  137  180  0.551  0.000  0.962  306  300  311  
0420+417  0.183  0.000  0.308  34  22  46  0.171  0.000  0.281  54  31  73  0.680  0.000  1.238  252  247  258  
0420-014  0.094  0.000  0.151  186  159  216  0.142  0.000  0.228  183  165  200  0.171  0.000  0.268  76  48  104  
0422+004  0.093  0.000  0.162  181  157  201  0.154  0.000  0.242  182  164  198  0.158  0.000  0.246  122  90  151  
0422-380  0.377  0.000  0.650  204  196  210  0.359  0.000  0.605  195  188  202  0.342  0.000  0.590  66  55  77  
0426+273  0.246  0.000  0.424  49  34  59  0.153  0.000  0.264  26  13  39  1.017  0.000  1.896  292  289  295  
0426-380  0.198  0.000  0.337  9  -171  18  0.314  0.000  0.508  191  182  199  0.138  0.000  0.224  279  239  317  
0430+052  0.655  0.000  1.254  54  38  58  0.662  0.000  1.235  61  54  66  0.516  0.000  0.936  75  68  82  
0430-332  1.914  0.000  3.558  351  348  353  0.442  0.000  0.695  332  303  360  0.377  0.000  0.661  9  -171  21  
0434-188  0.291  0.000  0.517  173  164  180  0.592  0.000  1.074  153  149  158  0.181  0.000  0.284  134  108  153  
0436-129  0.108  0.000  0.166  356  315  398  0.170  0.000  0.250  196  163  217  0.280  0.000  0.430  95  79  110  
0437-719  0.184  0.000  0.290  10  -170  24  0.201  0.000  0.343  202  189  213  0.160  0.000  0.259  167  127  204  
0438-436  0.392  0.000  0.680  28  19  34  0.415  0.000  0.726  165  158  171  0.673  0.000  1.230  117  111  122  
0442+389  0.213  0.000  0.343  188  175  197  0.133  0.000  0.229  10  -170  25  0.850  0.000  1.563  123  114  127  
0446+112  0.097  0.000  0.158  2  -178  25  0.137  0.000  0.225  165  145  184  0.405  0.000  0.744  244  233  252  
0454-234  0.113  0.000  0.168  170  131  202  0.164  0.000  0.251  212  191  231  0.143  0.000  0.228  161  121  201  
0454-810  0.193  0.000  0.306  5  -175  16  0.159  0.000  0.249  212  188  230  0.283  0.000  0.460  327  316  338  
0458-020  0.226  0.000  0.374  312  301  323  0.106  0.000  0.178  184  151  208  0.131  0.000  0.233  271  246  293  
0459+135  0.155  0.000  0.234  33  8  60  0.171  0.000  0.284  40  20  58  1.307  0.000  2.491  95  92  98  
0502+049  0.099  0.000  0.159  7  -173  39  0.125  0.000  0.199  197  168  232  0.173  0.000  0.295  181  159  201  
0506+056  0.160  0.000  0.275  15  -165  30  0.240  0.000  0.403  10  -170  20  0.171  0.000  0.273  148  98  196  
0506+101  0.109  0.000  0.170  135  105  165  0.154  0.000  0.247  154  131  174  0.766  0.000  1.396  87  82  91  
0507+179  0.132  0.000  0.204  1  -179  20  0.102  0.000  0.176  189  161  224  0.263  0.000  0.398  286  271  300  
0508+138  0.199  0.000  0.322  34  19  49  0.143  0.000  0.232  214  171  262  0.590  0.000  1.039  43  34  50  
0511-220  0.125  0.000  0.201  167  134  199  0.166  0.000  0.279  211  172  237  0.445  0.000  0.761  105  95  114  
0516-621  0.161  0.000  0.255  13  -167  25  0.211  0.000  0.327  227  210  243  0.152  0.000  0.252  169  143  195  
0520-165  0.906  0.000  1.575  160  156  164  0.556  0.000  0.989  229  217  240  0.505  0.000  0.825  177  167  184  
0524+034  0.097  0.000  0.172  165  146  183  0.118  0.000  0.189  183  147  212  0.365  0.000  0.637  255  245  264  
0528+134  0.152  0.000  0.226  257  234  279  0.133  0.000  0.213  200  175  220  0.843  0.000  1.599  269  266  273  
0529+483  0.069  0.000  0.126  204  172  239  0.150  0.000  0.249  195  181  209  0.569  0.000  1.009  51  42  58  
0530-727  0.596  0.000  1.112  7  -173  11  0.117  0.000  0.188  358  309  404  0.403  0.000  0.675  148  138  156  
0534-340  0.246  0.000  0.411  1  -179  9  0.231  0.000  0.376  189  179  198  0.144  0.000  0.232  295  257  329  
0537-441  0.342  0.000  0.615  192  184  197  0.538  0.000  0.980  181  177  185  0.244  0.000  0.377  81  62  97  
0539-543  0.108  0.000  0.193  194  162  233  0.167  0.000  0.269  33  -147  65  0.325  0.000  0.523  21  6  35  
0548+084  0.159  0.000  0.279  -0  -180  16  0.154  0.000  0.266  1  -179  27  0.650  0.000  1.144  70  59  79  
0549-575  0.387  0.000  0.681  207  199  213  0.156  0.000  0.278  351  336  363  0.946  0.000  1.749  163  153  167  
0552+398  0.128  0.000  0.198  341  321  361  0.130  0.000  0.216  342  317  362  0.202  0.000  0.312  322  303  339  
0601+245  0.637  0.000  1.199  62  54  66  0.794  0.000  1.466  78  73  82  0.835  0.000  1.580  58  54  63  
0602-424  0.501  0.000  0.838  349  342  354  0.351  0.000  0.609  350  341  358  0.989  0.000  1.771  139  132  144  
0603+882  0.136  0.000  0.225  26  -154  52  0.134  0.000  0.228  214  179  250  3.912  0.000  7.723  272  92  277  
0605-085  0.208  0.000  0.371  184  175  193  0.179  0.000  0.296  262  239  284  0.598  0.000  1.064  114  108  119  
0607-157  0.288  0.000  0.490  190  181  197  0.304  0.000  0.518  287  275  299  0.586  0.000  1.058  338  331  344  
0611+131  0.113  0.000  0.184  159  132  183  0.128  0.000  0.211  168  137  194  0.411  0.000  0.688  115  106  123  
0621+446  0.113  0.000  0.201  4  -176  25  0.170  0.000  0.264  153  117  193  0.178  0.000  0.299  161  140  182  
0628+203  0.297  0.000  0.453  173  154  192  0.218  0.000  0.358  183  155  203  0.584  0.000  1.010  243  229  254  
0629-418  0.691  0.000  1.161  177  172  181  1.231  0.000  2.255  166  163  169  1.059  0.000  1.952  174  170  177  
0639+352  0.185  0.000  0.296  141  113  168  0.245  0.000  0.397  11  -169  23  0.867  0.000  1.561  165  156  170  
0639-032  0.205  0.000  0.329  185  172  196  0.159  0.000  0.263  181  167  197  4.163  0.000  8.195  146  -34  151  
0641+392  0.247  0.000  0.402  245  233  255  0.536  0.000  0.906  205  198  210  0.965  0.000  1.813  255  251  258  
0642+449  0.143  0.000  0.226  233  214  251  0.130  0.000  0.211  187  169  206  0.261  0.000  0.423  246  229  261  
0644-671  0.261  0.000  0.428  314  294  330  0.362  0.000  0.594  266  248  283  0.285  0.000  0.443  332  312  351  
0646-306  0.139  0.000  0.226  190  176  205  0.351  0.000  0.554  201  191  208  0.247  0.000  0.407  186  170  200  
0654+244  0.270  0.000  0.436  286  274  299  0.338  0.000  0.554  191  179  203  0.305  0.000  0.478  36  15  54  
0656+082  0.436  0.000  0.803  328  323  332  0.367  0.000  0.663  309  301  318  1.104  0.000  2.097  143  -37  146  
0657+172  0.102  0.000  0.157  3  -177  34  0.112  0.000  0.184  212  173  248  0.151  0.000  0.253  143  117  163  
0700-197  0.140  0.000  0.218  14  -166  30  0.119  0.000  0.192  171  134  211  0.264  0.000  0.410  118  105  131  
0700-465  2.023  0.000  3.264  145  126  162  2.416  0.000  4.000  150  138  162  1.857  0.000  3.098  147  129  163  
0707+476  0.154  0.000  0.256  180  167  192  0.142  0.000  0.234  182  167  199  0.291  0.000  0.464  291  277  302  
0708+506  0.145  0.000  0.233  178  157  198  0.176  0.000  0.286  191  176  210  0.246  0.000  0.385  118  102  135  
0716+714  0.102  0.000  0.164  201  170  224  0.141  0.000  0.224  213  188  234  0.116  0.000  0.201  307  273  356  
0721-071  0.251  0.000  0.386  338  326  347  0.212  0.000  0.352  2  -178  12  0.733  0.000  1.315  355  350  359  
0722+145  0.111  0.000  0.173  151  120  184  0.157  0.000  0.261  167  150  183  0.276  0.000  0.435  285  272  298  
0723-008  1.604  0.000  3.115  149  148  151  1.990  0.000  3.912  148  146  149  1.368  0.000  2.604  141  -39  144  
0725+219  0.113  0.000  0.188  189  154  221  0.193  0.000  0.299  215  190  237  0.859  0.000  1.553  174  166  178  
0727-115  0.080  0.000  0.136  273  231  316  0.136  0.000  0.216  340  311  363  0.739  0.000  1.332  297  289  302  
0731+050  0.157  0.000  0.266  173  160  186  0.185  0.000  0.294  154  132  174  0.401  0.000  0.730  49  38  58  
0735+178  0.094  0.000  0.147  202  152  248  0.145  0.000  0.227  174  150  202  0.472  0.000  0.830  84  76  91  
0736+017  0.128  0.000  0.199  123  98  147  0.132  0.000  0.207  153  116  187  0.136  0.000  0.227  313  286  335  
0742+263  0.205  0.000  0.332  23  1  45  0.164  0.000  0.272  176  93  214  0.541  0.000  0.831  341  332  350  
0742-562  0.967  0.000  1.536  297  280  311  0.995  0.000  1.646  306  292  319  1.798  0.000  2.945  301  293  308  
0743+259  0.082  0.000  0.141  176  148  202  0.097  0.000  0.170  203  176  231  0.316  0.000  0.534  152  141  161  
0743-006  0.365  0.000  0.660  207  199  212  1.052  0.000  1.988  220  40  223  0.975  0.000  1.856  226  218  230  
0743-673  1.384  0.000  2.652  92  -88  96  0.929  0.000  1.728  113  108  117  0.671  0.000  1.197  117  112  123  
0745+241  0.099  0.000  0.160  141  107  179  0.147  0.000  0.224  163  131  194  0.601  0.000  1.075  266  258  272  
0746+483  0.215  0.000  0.357  64  46  79  0.389  0.000  0.656  81  69  92  0.407  0.000  0.691  123  114  132  
0748+126  0.126  0.000  0.214  36  20  51  0.128  0.000  0.197  362  322  401  0.332  0.000  0.545  229  216  241  
0749+540  0.085  0.000  0.139  41  -139  87  0.236  0.000  0.397  169  158  178  0.924  0.000  1.731  22  14  26  
0752+258  0.509  0.000  0.898  28  -152  53  0.377  0.000  0.678  340  317  364  2.350  0.000  4.410  332  328  335  
0754+100  0.110  0.000  0.185  4  -176  21  0.136  0.000  0.220  151  120  183  0.549  0.000  1.005  3  -177  9  
0759+183  0.085  0.000  0.141  350  313  393  0.217  0.000  0.378  154  141  166  0.787  0.000  1.464  3  -177  7  
0804+499  0.148  0.000  0.255  149  136  162  0.172  0.000  0.281  153  135  169  0.139  0.000  0.221  121  69  175  
0805+410  0.146  0.000  0.224  44  26  63  0.116  0.000  0.204  13  -167  29  0.443  0.000  0.743  319  310  326  
0805-077  0.097  0.000  0.159  327  275  373  0.154  0.000  0.239  325  290  359  0.203  0.000  0.336  4  -176  22  
0808+019  0.092  0.000  0.158  186  164  206  0.119  0.000  0.199  244  211  278  0.205  0.000  0.308  117  97  136  
0812+367  0.088  0.000  0.153  190  168  210  0.244  0.000  0.369  157  142  171  0.186  0.000  0.293  191  165  214  
0814+425  0.099  0.000  0.154  -0  -180  31  0.123  0.000  0.191  194  141  236  0.181  0.000  0.302  150  134  167  
0820+560  0.190  0.000  0.310  304  290  319  0.236  0.000  0.380  331  317  347  0.216  0.000  0.332  104  85  122  
0821+394  0.097  0.000  0.151  9  -171  48  0.117  0.000  0.184  197  154  238  0.376  0.000  0.640  287  276  295  
0823+033  0.106  0.000  0.169  29  5  53  0.126  0.000  0.195  374  341  411  0.625  0.000  1.129  43  35  49  
0827+243  0.097  0.000  0.161  352  330  373  0.125  0.000  0.195  372  332  419  0.171  0.000  0.266  325  301  348  
0834+250  0.107  0.000  0.176  337  313  366  0.126  0.000  0.202  1  -179  26  0.265  0.000  0.387  48  25  71  
0834-201  0.214  0.000  0.373  331  321  341  0.106  0.000  0.186  195  170  214  0.753  0.000  1.353  6  -174  12  
0838+133  0.191  0.000  0.312  293  271  313  0.213  0.000  0.332  323  299  345  0.441  0.000  0.784  90  80  99  
0838+456  0.296  0.000  0.477  309  288  331  0.772  0.000  1.357  12  4  18  0.338  0.000  0.533  7  -173  24  
0839+187  0.649  0.000  1.164  187  183  190  0.871  0.000  1.593  188  8  192  1.369  0.000  2.608  189  9  192  
0841-607  0.414  0.000  0.648  26  11  40  0.336  0.000  0.508  191  171  209  0.712  0.000  1.184  189  180  197  
0843-547  1.473  0.000  2.305  194  167  212  1.151  0.000  1.956  202  178  228  0.930  0.000  1.697  27  -153  63  
0845-051  0.117  0.000  0.205  174  154  195  0.135  0.000  0.228  358  324  396  0.589  0.000  0.988  348  340  354  
0847-120  0.116  0.000  0.180  37  8  61  0.126  0.000  0.197  348  308  379  0.124  0.000  0.212  281  246  321  
0847-354  0.744  0.000  1.220  195  189  200  0.512  0.000  0.873  179  171  184  1.505  0.000  2.809  185  5  188  
0850+284  0.291  0.000  0.470  344  331  353  0.393  0.000  0.593  358  348  367  0.320  0.000  0.540  39  18  57  
0850+581  0.770  0.000  1.445  315  135  319  0.478  0.000  0.875  327  321  333  0.720  0.000  1.292  336  332  341  
0851+202  0.106  0.000  0.163  292  252  328  0.101  0.000  0.176  230  197  265  0.150  0.000  0.242  169  135  198  
0854-108  0.067  0.000  0.122  209  172  248  0.104  0.000  0.179  168  131  194  0.288  0.000  0.484  273  261  285  
0859+470  0.117  0.000  0.186  222  190  248  0.158  0.000  0.266  179  164  193  2.195  0.000  4.312  2  0  3  
0859-140  0.386  0.000  0.674  189  181  195  0.296  0.000  0.520  192  183  200  0.227  0.000  0.378  182  161  200  
0906+015  0.149  0.000  0.229  141  119  163  0.255  0.000  0.409  160  147  173  0.245  0.000  0.380  26  6  45  
0906+163  0.353  0.000  0.550  181  166  193  0.232  0.000  0.425  170  157  181  3.656  0.000  7.130  349  169  354  
0912+029  0.227  0.000  0.368  189  178  198  0.265  0.000  0.444  171  162  180  1.687  0.000  3.240  338  336  340  
0917+449  0.299  0.000  0.509  169  161  175  0.361  0.000  0.619  156  148  163  0.328  0.000  0.545  143  132  152  
0917+624  0.225  0.000  0.395  103  91  113  0.295  0.000  0.495  125  113  136  0.339  0.000  0.515  309  298  319  
0918-534  1.160  0.000  2.098  17  10  23  1.785  0.000  3.323  33  29  37  1.359  0.000  2.447  19  12  25  
0925-203  0.238  0.000  0.379  175  165  184  0.261  0.000  0.434  163  153  172  0.292  0.000  0.463  126  113  137  
0928+144  0.268  0.000  0.449  181  169  193  0.175  0.000  0.317  177  155  196  0.497  0.000  0.844  271  256  285  
0933+503  0.300  0.000  0.493  300  289  312  0.179  0.000  0.301  278  252  304  0.244  0.000  0.389  273  249  291  
0936-069  0.509  0.000  0.938  202  195  207  0.850  0.000  1.554  178  175  181  0.754  0.000  1.418  230  222  236  
0938-133  0.208  0.000  0.344  197  113  220  0.432  0.000  0.713  175  168  181  0.333  0.000  0.555  9  -171  21  
0941+522  0.118  0.000  0.194  312  269  352  0.221  0.000  0.352  153  136  171  0.362  0.000  0.625  229  215  241  
0945+408  0.170  0.000  0.272  330  316  344  0.134  0.000  0.219  221  178  253  0.199  0.000  0.322  123  108  139  
0950+326  0.204  0.000  0.329  204  187  220  0.135  0.000  0.221  178  113  215  0.250  0.000  0.389  168  151  183  
0953+254  0.308  0.000  0.521  29  22  36  0.224  0.000  0.393  43  32  53  0.784  0.000  1.473  49  44  54  
0955+326  0.121  0.000  0.189  158  134  176  0.131  0.000  0.211  170  142  198  0.244  0.000  0.404  137  126  149  
0955+476  0.164  0.000  0.271  55  38  69  0.267  0.000  0.449  130  117  143  0.497  0.000  0.886  129  121  135  
1005+066  0.139  0.000  0.223  321  275  357  0.155  0.000  0.269  175  159  190  0.573  0.000  0.974  132  125  139  
1005-333  0.418  0.000  0.739  307  296  318  0.334  0.000  0.533  338  328  348  0.586  0.000  0.976  338  329  344  
1012+232  0.124  0.000  0.203  311  290  330  0.128  0.000  0.208  181  159  204  0.560  0.000  1.008  104  98  109  
1013+127  0.145  0.000  0.232  174  157  188  0.187  0.000  0.302  169  154  182  1.207  0.000  2.326  198  18  202  
1016-311  0.188  0.000  0.290  222  184  260  0.285  0.000  0.472  226  211  241  0.326  0.000  0.500  313  295  327  
1019+416  0.190  0.000  0.293  156  110  197  0.259  0.000  0.397  305  275  336  3.771  0.000  7.393  293  113  298  
1020+400  0.183  0.000  0.307  142  129  155  0.280  0.000  0.438  135  120  150  0.248  0.000  0.378  160  144  176  
1022+194  0.141  0.000  0.221  35  17  52  0.157  0.000  0.247  10  -170  25  0.450  0.000  0.818  235  226  243  
1022+237  0.111  0.000  0.190  165  112  215  0.167  0.000  0.268  155  121  182  0.184  0.000  0.321  2  -178  22  
1022-665  0.761  0.000  1.439  359  356  362  0.216  0.000  0.317  349  328  370  0.590  0.000  1.095  60  54  66  
1026-084  0.219  0.000  0.404  3  -177  17  0.281  0.000  0.464  3  -177  18  0.633  0.000  1.054  325  316  332  
1032-199  0.330  0.000  0.595  24  16  30  0.283  0.000  0.441  20  9  30  0.950  0.000  1.805  17  13  20  
1034-293  0.118  0.000  0.196  166  149  182  0.239  0.000  0.373  172  160  183  0.535  0.000  0.929  126  118  132  
1036-529  0.412  0.000  0.690  235  222  247  0.224  0.000  0.352  192  169  217  0.232  0.000  0.399  170  148  194  
1038+064  0.163  0.000  0.265  345  331  357  0.121  0.000  0.204  361  339  383  0.390  0.000  0.658  343  333  351  
1039+811  0.081  0.000  0.139  135  96  170  0.174  0.000  0.282  64  40  84  0.250  0.000  0.419  29  14  45  
1042+071  0.106  0.000  0.168  13  -167  59  0.118  0.000  0.196  363  337  388  2.048  0.000  4.009  124  -56  128  
1045-188  0.157  0.000  0.271  334  320  346  0.187  0.000  0.294  243  220  265  0.397  0.000  0.693  244  233  254  
1046-409  0.270  0.000  0.461  199  183  213  0.234  0.000  0.384  178  160  192  0.278  0.000  0.475  145  132  160  
1048-313  0.272  0.000  0.471  227  213  240  0.402  0.000  0.641  200  187  212  0.949  0.000  1.755  285  281  289  
1049+215  0.140  0.000  0.210  341  319  362  0.142  0.000  0.241  169  151  188  0.577  0.000  1.056  295  290  300  
1052+023  0.278  0.000  0.442  209  175  235  0.257  0.000  0.417  186  167  203  0.400  0.000  0.654  319  304  332  
1053+704  0.126  0.000  0.186  252  212  284  0.122  0.000  0.197  17  -163  39  0.292  0.000  0.491  329  318  338  
1053+815  0.096  0.000  0.155  177  145  201  0.120  0.000  0.191  205  163  237  0.278  0.000  0.418  86  69  105  
1055+018  0.080  0.000  0.135  179  145  214  0.283  0.000  0.497  141  130  151  0.578  0.000  1.015  290  282  295  
1101+384  0.071  0.000  0.124  193  147  243  0.150  0.000  0.256  157  139  175  0.131  0.000  0.241  288  265  305  
1102-242  0.724  0.000  1.254  343  339  347  0.565  0.000  0.955  327  317  334  0.604  0.000  1.098  303  293  311  
1109+076  0.235  0.000  0.402  161  147  171  0.491  0.000  0.829  242  224  259  0.697  0.000  1.151  180  172  187  
1111+149  0.134  0.000  0.228  25  7  40  0.118  0.000  0.193  172  142  201  0.257  0.000  0.422  227  211  244  
1115-122  0.559  0.000  0.958  163  157  167  0.662  0.000  1.169  168  163  172  0.431  0.000  0.763  156  148  162  
1119-069  0.189  0.000  0.299  15  -165  45  0.169  0.000  0.296  153  128  177  0.856  0.000  1.537  207  200  212  
1123+264  0.192  0.000  0.306  285  270  300  0.102  0.000  0.186  152  125  176  0.300  0.000  0.482  139  127  149  
1124-186  0.159  0.000  0.247  180  166  193  0.136  0.000  0.209  199  170  225  0.143  0.000  0.230  289  259  321  
1128+385  0.100  0.000  0.180  194  172  210  0.154  0.000  0.251  176  159  190  0.295  0.000  0.508  331  322  340  
1129-580  0.843  0.000  1.505  53  46  57  0.943  0.000  1.756  33  21  37  1.072  0.000  1.919  52  45  57  
1130+009  0.101  0.000  0.171  114  84  140  0.147  0.000  0.248  151  129  169  1.265  0.000  2.379  306  304  309  
1130+106  0.204  0.000  0.331  346  323  371  0.168  0.000  0.299  349  324  372  0.317  0.000  0.524  14  -166  30  
1140+668  0.418  0.000  0.673  225  213  236  0.425  0.000  0.692  187  174  199  0.645  0.000  1.121  254  246  262  
1143-287  0.353  0.000  0.556  197  185  209  0.498  0.000  0.784  171  162  179  0.584  0.000  0.939  174  166  182  
1143-332  0.313  0.000  0.524  58  42  73  0.304  0.000  0.459  172  161  182  3.178  0.000  6.213  134  -46  139  
1143-696  0.428  0.000  0.743  21  13  27  0.226  0.000  0.357  226  206  242  0.176  0.000  0.289  155  135  175  
1144+402  0.084  0.000  0.139  8  -172  43  0.120  0.000  0.190  18  -162  50  0.240  0.000  0.400  140  128  151  
1144-379  0.170  0.000  0.253  130  111  150  0.348  0.000  0.582  189  182  196  0.514  0.000  0.930  175  169  181  
1145-071  0.155  0.000  0.243  120  101  138  0.242  0.000  0.416  134  120  147  0.222  0.000  0.386  21  3  36  
1145-676  0.248  0.000  0.401  268  243  292  0.496  0.000  0.820  238  223  249  0.347  0.000  0.569  255  236  272  
1147+245  0.184  0.000  0.296  30  16  42  0.138  0.000  0.226  193  176  209  0.200  0.000  0.342  251  233  269  
1150+497  0.111  0.000  0.187  44  23  66  0.122  0.000  0.202  142  101  179  0.365  0.000  0.645  155  145  163  
1150+812  0.096  0.000  0.162  139  112  163  0.141  0.000  0.215  162  127  193  0.250  0.000  0.426  174  161  186  
1156+295  0.091  0.000  0.146  334  291  374  0.155  0.000  0.259  173  159  188  0.139  0.000  0.222  130  95  171  
1156-214  0.321  0.000  0.559  139  128  149  0.233  0.000  0.400  190  178  199  0.272  0.000  0.443  178  164  191  
1157+014  0.363  0.000  0.597  117  103  128  0.907  0.000  1.747  298  293  302  0.164  0.000  0.279  161  113  205  
1157-215  2.253  0.000  4.375  317  315  319  3.435  0.000  6.756  318  316  319  3.942  0.000  7.714  310  130  314  
1158+007  0.782  0.000  1.380  149  145  153  0.531  0.000  0.877  161  155  167  0.424  0.000  0.651  160  150  169  
1205-008  0.331  0.000  0.515  344  334  353  0.214  0.000  0.342  351  334  366  0.509  0.000  0.814  331  322  339  
1213-172  0.090  0.000  0.161  297  271  323  0.162  0.000  0.257  202  183  218  0.625  0.000  1.136  132  124  137  
1215+303  0.097  0.000  0.152  158  111  202  0.123  0.000  0.201  37  -143  71  0.223  0.000  0.366  141  127  153  
1215-002  0.255  0.000  0.428  146  132  160  0.278  0.000  0.453  145  128  163  0.155  0.000  0.268  180  136  219  
1219+044  0.087  0.000  0.142  340  304  372  0.107  0.000  0.181  177  148  200  0.141  0.000  0.228  181  139  222  
1222+037  0.105  0.000  0.184  184  137  214  0.275  0.000  0.443  160  148  170  0.430  0.000  0.690  134  125  143  
1222+216  0.159  0.000  0.272  4  -176  16  0.159  0.000  0.250  48  13  80  0.532  0.000  0.930  3  -177  10  
1226-028  0.491  0.000  0.758  169  160  176  0.357  0.000  0.541  193  179  206  0.861  0.000  1.583  160  152  165  
1227+255  0.282  0.000  0.443  329  317  339  0.185  0.000  0.290  341  319  361  0.193  0.000  0.314  307  285  325  
1236+077  0.106  0.000  0.179  338  317  357  0.126  0.000  0.211  171  147  189  0.528  0.000  0.896  319  310  325  
1243-072  0.086  0.000  0.141  265  221  306  0.126  0.000  0.210  235  205  263  0.629  0.000  1.135  256  250  262  
1244-255  0.283  0.000  0.490  169  162  176  0.177  0.000  0.287  194  181  206  0.151  0.000  0.232  110  57  151  
1249-673  0.397  0.000  0.630  17  -163  31  0.270  0.000  0.468  22  4  40  0.223  0.000  0.398  333  303  367  
1251-713  0.491  0.000  0.902  41  34  46  0.306  0.000  0.523  51  41  61  0.197  0.000  0.331  169  153  186  
1252+119  0.141  0.000  0.212  94  67  119  0.265  0.000  0.437  141  128  155  0.214  0.000  0.343  109  93  125  
1256-220  0.164  0.000  0.267  152  137  167  0.164  0.000  0.267  206  139  232  0.743  0.000  1.366  230  222  236  
1300+485  0.169  0.000  0.262  344  322  364  0.194  0.000  0.327  53  35  73  0.241  0.000  0.392  334  318  349  
1302-102  0.437  0.000  0.745  197  189  203  0.354  0.000  0.613  221  212  230  0.482  0.000  0.841  252  242  261  
1306+360  0.098  0.000  0.160  287  255  318  0.112  0.000  0.185  162  123  198  0.709  0.000  1.258  297  292  301  
1307-556  1.098  0.000  1.832  337  307  362  1.329  0.000  2.063  331  299  359  1.343  0.000  2.121  328  299  354  
1308+326  0.121  0.000  0.197  114  92  136  0.211  0.000  0.330  140  121  156  0.497  0.000  0.908  231  222  238  
1308+554  0.177  0.000  0.306  100  85  113  0.141  0.000  0.218  9  -171  33  0.434  0.000  0.779  347  339  354  
1310-041  0.161  0.000  0.266  327  307  343  0.184  0.000  0.294  330  303  359  0.454  0.000  0.719  151  140  159  
1313-333  0.138  0.000  0.224  22  6  36  0.311  0.000  0.517  186  176  193  0.442  0.000  0.772  289  282  296  
1315+346  0.113  0.000  0.185  281  251  311  0.094  0.000  0.172  372  344  405  0.177  0.000  0.283  32  6  59  
1315-058  0.236  0.000  0.392  3  -177  31  13.863  0.000  27.526  124  -56  131  0.343  0.000  0.561  149  135  161  
1319-093  0.109  0.000  0.181  173  139  203  0.146  0.000  0.232  183  148  206  0.496  0.000  0.845  292  283  301  
1324+224  0.104  0.000  0.166  192  168  214  0.212  0.000  0.335  162  148  176  0.326  0.000  0.551  210  197  222  
1325+126  0.120  0.000  0.210  169  144  185  0.292  0.000  0.467  164  153  174  1.664  0.000  3.192  93  90  95  
1325-133  0.250  0.000  0.440  354  339  369  0.799  0.000  1.363  324  315  332  0.236  0.000  0.440  1  -179  20  
1325-558  0.252  0.000  0.380  21  10  31  0.184  0.000  0.308  190  177  202  0.180  0.000  0.309  266  243  286  
1329-049  0.202  0.000  0.332  165  154  175  0.255  0.000  0.426  171  161  179  0.363  0.000  0.607  102  88  114  
1334-127  0.111  0.000  0.176  227  202  253  0.144  0.000  0.226  221  195  247  0.511  0.000  0.947  161  153  167  
1341-171  0.528  0.000  0.900  174  166  179  0.249  0.000  0.436  208  195  219  0.562  0.000  0.984  184  176  191  
1342+663  0.222  0.000  0.372  260  247  271  0.137  0.000  0.240  210  188  226  0.603  0.000  1.126  181  174  187  
1345+289  0.543  0.000  0.891  352  342  361  1.374  0.000  2.408  344  340  348  0.512  0.000  0.823  341  326  354  
1346-109  0.190  0.000  0.326  2  -178  15  0.196  0.000  0.317  352  325  375  0.843  0.000  1.442  141  134  146  
1348+087  0.181  0.000  0.280  235  203  266  0.145  0.000  0.233  354  314  397  0.266  0.000  0.416  332  315  345  
1349-439  0.183  0.000  0.286  183  163  197  0.471  0.000  0.842  173  168  179  0.373  0.000  0.613  160  150  170  
1351-018  0.164  0.000  0.275  6  -174  17  0.104  0.000  0.172  189  129  229  0.533  0.000  0.940  177  169  183  
1354+195  0.169  0.000  0.273  329  315  343  0.296  0.000  0.492  313  300  324  0.457  0.000  0.767  323  314  330  
1354-152  0.143  0.000  0.237  99  80  117  0.153  0.000  0.249  175  158  191  0.521  0.000  0.967  70  63  76  
1402-144  0.261  0.000  0.421  327  310  341  0.406  0.000  0.724  315  303  325  0.309  0.000  0.508  191  166  208  
1406-076  0.132  0.000  0.204  336  316  356  0.145  0.000  0.259  214  197  228  0.843  0.000  1.543  267  263  271  
1418+546  0.118  0.000  0.181  174  151  198  0.106  0.000  0.186  362  340  389  0.152  0.000  0.240  139  112  166  
1424+240  0.094  0.000  0.152  184  147  223  0.136  0.000  0.211  30  -150  67  0.267  0.000  0.418  147  134  160  
1424-418  0.405  0.000  0.728  1  -179  6  0.417  0.000  0.708  191  183  197  0.189  0.000  0.291  6  -174  34  
1428+422  0.142  0.000  0.238  24  2  45  0.173  0.000  0.282  19  2  39  1.126  0.000  2.063  331  322  335  
1429+249  0.411  0.000  0.657  152  142  161  0.268  0.000  0.440  156  137  174  0.718  0.000  1.266  96  84  106  
1435-218  0.122  0.000  0.208  196  174  213  0.333  0.000  0.524  181  170  189  0.177  0.000  0.283  17  -163  45  
1437+374  0.302  0.000  0.456  175  162  186  1.961  0.000  3.793  322  320  324  0.510  0.000  0.880  160  152  167  
1437-153  0.245  0.000  0.403  155  141  169  0.435  0.000  0.709  155  144  163  0.284  0.000  0.482  315  298  330  
1445-161  0.314  0.000  0.526  139  130  147  0.361  0.000  0.606  163  155  170  0.332  0.000  0.525  72  54  89  
1451+270  0.154  0.000  0.247  306  280  332  0.153  0.000  0.240  174  128  211  1.462  0.000  2.706  149  147  151  
1451-375  0.177  0.000  0.304  46  33  59  0.153  0.000  0.256  226  208  245  0.484  0.000  0.850  94  87  101  
1454-060  0.420  0.000  0.711  223  215  230  2.704  0.000  5.254  311  131  315  0.578  0.000  1.006  306  298  313  
1458+718  0.515  0.000  0.932  153  148  157  0.263  0.000  0.437  61  49  73  1.102  0.000  2.073  157  -23  161  
1459+480  0.175  0.000  0.294  264  250  278  0.147  0.000  0.243  356  338  375  0.303  0.000  0.519  104  93  113  
1502+036  0.131  0.000  0.202  337  313  356  0.246  0.000  0.411  144  131  156  0.481  0.000  0.880  10  1  17  
1502+106  0.080  0.000  0.139  173  143  200  0.119  0.000  0.204  162  137  181  0.148  0.000  0.231  159  115  199  
1505+428  0.108  0.000  0.187  314  285  343  0.121  0.000  0.200  16  -164  60  0.554  0.000  1.004  6  0  13  
1505-156  0.346  0.000  0.635  163  149  171  0.425  0.000  0.706  158  144  169  3.760  0.000  7.242  133  131  135  
1510-089  0.226  0.000  0.364  356  347  366  0.188  0.000  0.313  150  134  165  0.237  0.000  0.397  33  16  48  
1511-100  0.180  0.000  0.315  251  237  263  0.296  0.000  0.484  160  149  169  0.136  0.000  0.223  90  53  124  
1514+004  0.147  0.000  0.246  165  150  178  0.212  0.000  0.338  148  130  163  4.169  0.000  8.203  329  328  330  
1514+197  0.103  0.000  0.165  203  173  228  0.095  0.000  0.174  170  143  198  0.390  0.000  0.662  318  308  325  
1519-273  0.128  0.000  0.226  140  124  154  0.193  0.000  0.320  196  183  205  0.266  0.000  0.444  218  202  232  
1532+016  0.164  0.000  0.288  224  211  238  0.169  0.000  0.259  210  181  234  0.319  0.000  0.527  173  162  185  
1534-152  0.218  0.000  0.380  103  74  130  0.867  0.000  1.639  123  117  128  0.731  0.000  1.221  348  340  354  
1535+231  0.654  0.000  1.128  247  236  258  0.513  0.000  0.856  211  201  220  0.521  0.000  0.888  291  276  305  
1538+477  0.668  0.000  1.129  261  249  272  0.550  0.000  0.952  266  252  279  0.758  0.000  1.329  251  241  260  
1546+027  0.090  0.000  0.147  172  142  202  0.135  0.000  0.213  54  22  87  0.132  0.000  0.229  119  95  140  
1548+056  0.389  0.000  0.709  165  157  170  0.444  0.000  0.774  166  160  172  0.534  0.000  0.959  10  1  16  
1550-242  0.139  0.000  0.230  5  -175  23  0.182  0.000  0.290  170  151  185  0.239  0.000  0.390  41  19  61  
1555+001  0.149  0.000  0.245  156  141  170  0.393  0.000  0.677  131  119  139  0.337  0.000  0.575  223  210  234  
1602-115  0.127  0.000  0.200  10  -170  31  0.160  0.000  0.249  170  149  188  0.866  0.000  1.583  1  -179  5  
1604-333  0.462  0.000  0.835  305  300  311  0.282  0.000  0.478  231  217  244  0.377  0.000  0.635  339  329  347  
1606+106  0.078  0.000  0.134  132  91  171  0.157  0.000  0.252  160  141  178  0.200  0.000  0.323  251  229  271  
1606-398  0.193  0.000  0.307  16  -164  34  0.206  0.000  0.338  28  -152  56  0.417  0.000  0.698  26  14  37  
1611+343  0.290  0.000  0.498  199  190  206  0.242  0.000  0.389  169  157  179  0.433  0.000  0.764  154  145  161  
1611-710  1.208  0.000  2.292  20  -160  23  0.145  0.000  0.255  28  3  47  0.271  0.000  0.434  45  27  61  
1614+051  0.248  0.000  0.424  155  147  164  0.238  0.000  0.391  208  197  218  0.411  0.000  0.724  304  295  311  
1614-195  0.556  0.000  0.940  341  334  346  0.235  0.000  0.369  178  151  200  0.706  0.000  1.156  174  168  180  
1617+229  0.269  0.000  0.465  331  323  339  0.119  0.000  0.201  3  -177  20  0.352  0.000  0.572  88  77  100  
1619-680  0.447  0.000  0.820  340  335  344  0.303  0.000  0.527  347  339  355  0.797  0.000  1.450  332  325  337  
1622-253  0.093  0.000  0.152  132  99  162  0.144  0.000  0.231  190  171  206  0.638  0.000  1.196  276  271  280  
1622-297  0.276  0.000  0.487  126  117  135  0.156  0.000  0.255  203  187  218  0.112  0.000  0.197  315  273  354  
1624-617  0.164  0.000  0.258  268  245  289  0.170  0.000  0.280  330  308  349  0.203  0.000  0.331  142  126  159  
1636+473  0.095  0.000  0.149  357  315  401  0.209  0.000  0.318  160  143  176  0.836  0.000  1.549  303  299  306  
1637+574  0.094  0.000  0.156  322  292  351  0.166  0.000  0.260  157  134  180  0.166  0.000  0.265  329  308  349  
1638+398  0.093  0.000  0.153  130  99  163  0.285  0.000  0.476  156  146  166  0.319  0.000  0.526  203  189  215  
1639-062  0.099  0.000  0.165  134  108  158  0.152  0.000  0.254  154  133  176  0.813  0.000  1.536  283  279  287  
1642+690  0.182  0.000  0.316  150  138  160  0.189  0.000  0.334  142  126  156  2.773  0.000  5.466  196  195  197  
1650-157  0.168  0.000  0.287  349  328  372  0.395  0.000  0.629  331  318  340  0.283  0.000  0.457  199  174  222  
1652+398  0.149  0.000  0.248  181  167  193  0.354  0.000  0.598  156  147  164  5.903  0.000  11.657  104  -76  110  
1655+077  0.119  0.000  0.202  326  307  346  0.120  0.000  0.199  339  301  377  1.711  0.000  3.324  281  101  285  
1657+265  0.209  0.000  0.349  126  102  149  0.355  0.000  0.589  144  131  156  0.383  0.000  0.616  91  73  106  
1657-261  0.111  0.000  0.183  332  311  349  0.217  0.000  0.370  237  217  251  0.412  0.000  0.718  303  296  310  
1657-562  0.557  0.000  1.003  349  345  353  2.035  0.000  3.963  350  348  351  1.484  0.000  2.804  149  147  151  
1659-621  0.248  0.000  0.419  305  293  317  0.286  0.000  0.483  314  300  327  0.244  0.000  0.434  42  27  56  
1705+018  0.092  0.000  0.156  266  236  294  0.143  0.000  0.230  166  146  184  0.494  0.000  0.888  276  269  282  
1710-269  0.427  0.000  0.766  324  316  331  0.325  0.000  0.561  312  297  325  2.048  0.000  3.937  19  -161  22  
1717+178  0.159  0.000  0.261  36  22  49  0.184  0.000  0.296  127  105  149  0.124  0.000  0.210  102  63  140  
1722+119  0.266  0.000  0.433  337  322  349  0.241  0.000  0.374  4  -176  30  0.210  0.000  0.359  341  318  363  
1726+455  0.149  0.000  0.225  71  48  92  0.250  0.000  0.429  122  108  135  0.134  0.000  0.225  114  87  137  
1730-130  0.097  0.000  0.156  27  -153  55  0.104  0.000  0.177  187  160  210  0.698  0.000  1.271  5  1  10  
1732+389  0.114  0.000  0.176  186  155  209  0.279  0.000  0.480  146  135  157  0.933  0.000  1.761  147  -33  151  
1738+476  0.103  0.000  0.161  166  127  205  0.186  0.000  0.312  126  107  145  1.181  0.000  2.251  149  -31  152  
1739-152  0.282  0.000  0.493  356  346  365  0.347  0.000  0.613  345  333  354  0.836  0.000  1.442  21  14  27  
1741-038  0.070  0.000  0.124  171  129  210  0.182  0.000  0.284  172  156  186  0.387  0.000  0.659  186  176  196  
1742-078  0.373  0.000  0.586  185  177  192  0.371  0.000  0.597  184  176  191  1.281  0.000  2.244  182  179  186  
1743+173  0.384  0.000  0.666  3  -177  8  0.144  0.000  0.225  21  -159  43  0.457  0.000  0.778  3  -177  11  
1745+624  0.266  0.000  0.461  216  207  224  0.192  0.000  0.290  213  195  229  0.455  0.000  0.738  122  114  129  
1749+096  0.095  0.000  0.154  27  -153  56  0.222  0.000  0.361  155  141  168  0.156  0.000  0.255  11  -169  40  
1749+701  0.162  0.000  0.250  41  22  59  0.191  0.000  0.317  66  43  84  0.255  0.000  0.390  320  305  334  
1751+288  0.109  0.000  0.180  156  136  173  0.261  0.000  0.410  149  135  161  0.347  0.000  0.560  141  132  150  
1759-396  0.307  0.000  0.519  192  184  199  0.459  0.000  0.836  236  228  242  0.439  0.000  0.751  1  -179  9  
1800+440  0.092  0.000  0.159  128  100  153  0.195  0.000  0.294  155  135  177  0.674  0.000  1.222  173  166  178  
1803+784  0.084  0.000  0.145  4  -176  26  0.130  0.000  0.210  31  8  54  0.317  0.000  0.531  249  235  260  
1821+107  0.377  0.000  0.649  4  -176  10  0.220  0.000  0.353  39  23  54  0.199  0.000  0.334  112  95  127  
1824-582  0.158  0.000  0.271  193  178  207  0.106  0.000  0.188  41  -139  90  0.526  0.000  0.875  200  192  208  
1829-207  2.169  0.000  4.051  27  -153  31  2.109  0.000  3.832  24  -156  28  2.179  0.000  4.114  292  284  297  
1831-711  0.341  0.000  0.637  250  243  256  0.113  0.000  0.187  361  325  393  0.147  0.000  0.242  144  115  168  
1839+548  0.323  0.000  0.513  201  179  224  0.279  0.000  0.463  155  129  177  2.198  0.000  4.173  132  129  134  
1842-289  0.548  0.000  0.930  353  348  358  0.548  0.000  0.969  295  285  304  1.822  0.000  3.530  254  74  257  
1849+670  0.100  0.000  0.160  57  21  89  0.176  0.000  0.274  37  19  53  0.107  0.000  0.191  281  240  316  
1901+319  0.199  0.000  0.339  309  296  321  0.173  0.000  0.277  242  215  266  0.367  0.000  0.675  197  186  206  
1903-802  0.163  0.000  0.267  168  138  194  0.342  0.000  0.550  146  131  159  0.840  0.000  1.547  97  91  102  
1908-201  0.171  0.000  0.280  308  294  323  0.319  0.000  0.557  282  271  294  0.347  0.000  0.604  342  332  350  
1914-154  0.183  0.000  0.313  16  -164  35  0.152  0.000  0.273  170  152  188  0.624  0.000  1.105  217  208  225  
1921-293  0.234  0.000  0.385  3  -177  12  0.227  0.000  0.376  260  244  276  1.186  0.000  2.292  18  15  21  
1922-224  0.174  0.000  0.278  194  171  220  0.721  0.000  1.306  296  287  302  0.470  0.000  0.773  194  183  204  
1925-610  0.175  0.000  0.276  36  18  51  0.643  0.000  1.157  179  175  183  0.296  0.000  0.480  79  64  93  
1933-400  0.368  0.000  0.644  168  162  173  0.393  0.000  0.676  188  179  194  0.382  0.000  0.667  264  255  273  
1936-155  0.307  0.000  0.524  163  155  169  0.148  0.000  0.243  218  190  238  0.284  0.000  0.462  267  253  280  
1946-200  0.642  0.000  1.114  7  -173  11  0.190  0.000  0.324  349  333  368  0.598  0.000  1.027  307  299  316  
1949-052  0.195  0.000  0.326  322  297  345  0.197  0.000  0.334  218  196  240  0.359  0.000  0.587  168  157  178  
1953-325  0.389  0.000  0.638  157  149  164  0.223  0.000  0.365  174  160  185  0.426  0.000  0.733  139  130  148  
1954-388  0.069  0.000  0.129  177  141  201  0.429  0.000  0.769  189  184  194  0.165  0.000  0.249  247  203  289  
1958-179  0.098  0.000  0.161  7  -173  27  0.237  0.000  0.372  250  230  267  0.168  0.000  0.272  219  193  246  
2000+472  0.146  0.000  0.243  101  83  118  0.303  0.000  0.543  308  297  318  0.140  0.000  0.222  146  99  188  
2007+659  0.133  0.000  0.216  105  78  130  0.198  0.000  0.297  67  39  94  1.160  0.000  2.189  203  192  207  
2008-159  0.095  0.000  0.155  143  113  174  0.109  0.000  0.189  212  132  244  0.175  0.000  0.271  161  137  187  
2021+222  0.252  0.000  0.404  170  157  181  0.243  0.000  0.415  340  326  351  0.395  0.000  0.653  127  113  138  
2021+317  0.152  0.000  0.252  343  328  357  0.118  0.000  0.203  22  1  43  0.910  0.000  1.738  199  191  204  
2022-077  0.097  0.000  0.172  335  284  374  0.141  0.000  0.228  337  290  372  0.416  0.000  0.681  294  282  305  
2029+024  0.315  0.000  0.540  317  308  326  0.136  0.000  0.225  188  161  209  0.168  0.000  0.283  307  287  326  
2029+121  0.085  0.000  0.145  195  171  220  0.252  0.000  0.435  169  160  179  0.731  0.000  1.359  190  182  194  
2030-689  0.252  0.000  0.428  236  223  249  0.460  0.000  0.796  262  251  271  0.496  0.000  0.878  206  196  214  
2033-219  0.182  0.000  0.316  168  145  186  0.685  0.000  1.150  142  133  149  0.262  0.000  0.428  172  143  188  
2036-109  0.277  0.000  0.453  165  153  174  0.184  0.000  0.328  175  158  186  0.242  0.000  0.397  36  -144  67  
2037+511  0.073  0.000  0.127  187  128  236  0.278  0.000  0.460  54  43  65  0.352  0.000  0.580  172  161  181  
2047-266  0.175  0.000  0.301  32  6  58  0.276  0.000  0.458  157  145  168  0.627  0.000  1.092  221  212  229  
2048+312  0.391  0.000  0.649  162  151  172  0.360  0.000  0.609  177  166  189  1.511  0.000  2.875  151  -29  155  
2052+239  0.183  0.000  0.330  351  323  378  0.197  0.000  0.351  2  -178  38  4.217  0.000  8.208  60  -120  63  
2054-377  0.458  0.000  0.802  131  122  139  0.301  0.000  0.500  188  177  198  1.103  0.000  2.057  74  67  79  
2059+034  0.096  0.000  0.158  34  3  61  0.096  0.000  0.166  176  139  214  0.326  0.000  0.526  105  94  115  
2106+143  0.129  0.000  0.211  343  326  360  0.107  0.000  0.179  26  -154  69  0.530  0.000  0.943  25  16  32  
2106-413  0.472  0.000  0.828  174  169  179  0.619  0.000  1.124  226  219  231  5.316  0.000  10.483  117  -63  123  
2112-144  0.429  0.000  0.662  170  164  177  0.578  0.000  0.977  162  157  168  0.195  0.000  0.327  172  145  192  
2113+293  0.115  0.000  0.180  291  262  319  0.127  0.000  0.210  168  145  186  0.805  0.000  1.504  234  227  239  
2120-309  0.858  0.000  1.545  352  348  355  0.834  0.000  1.497  139  132  145  1.084  0.000  2.032  219  212  224  
2121+053  0.096  0.000  0.151  35  -145  72  0.245  0.000  0.411  137  122  152  0.762  0.000  1.376  322  314  326  
2123-463  1.308  0.000  2.518  214  34  218  0.532  0.000  0.935  209  202  214  0.869  0.000  1.615  266  261  270  
2126-158  0.281  0.000  0.480  337  329  344  0.347  0.000  0.560  351  342  358  0.792  0.000  1.460  18  11  23  
2128-123  0.289  0.000  0.501  60  50  68  0.608  0.000  1.100  40  33  44  0.729  0.000  1.325  22  15  27  
2131-021  0.108  0.000  0.172  190  166  210  0.107  0.000  0.180  18  -162  48  1.960  0.000  3.802  63  61  65  
2134+004  1.052  0.000  2.057  120  118  122  1.318  0.000  2.560  126  124  129  1.405  0.000  2.669  118  -62  122  
2136+141  0.102  0.000  0.154  178  125  230  0.095  0.000  0.165  191  153  222  0.327  0.000  0.572  196  186  207  
2139-249  0.463  0.000  0.761  16  4  24  0.505  0.000  0.878  148  140  156  0.166  0.000  0.290  173  135  204  
2144+092  0.094  0.000  0.162  63  34  89  0.111  0.000  0.188  171  143  197  0.265  0.000  0.424  51  34  69  
2145+067  0.122  0.000  0.207  202  186  218  0.222  0.000  0.349  184  173  195  0.582  0.000  1.056  163  156  169  
2150+173  0.109  0.000  0.171  356  331  380  0.102  0.000  0.175  356  322  388  3.714  0.000  7.313  258  78  263  
2200+420  0.070  0.000  0.123  350  307  396  0.145  0.000  0.233  52  20  79  0.208  0.000  0.336  181  163  199  
2201+171  0.103  0.000  0.170  170  117  209  0.132  0.000  0.231  158  135  176  1.097  0.000  2.044  60  55  63  
2204-007  0.330  0.000  0.534  340  329  349  0.246  0.000  0.393  337  317  354  0.453  0.000  0.712  215  203  228  
2204-540  0.556  0.000  1.009  19  11  24  0.622  0.000  1.088  193  189  197  0.211  0.000  0.322  276  252  297  
2208-137  0.109  0.000  0.180  345  321  371  0.235  0.000  0.391  308  291  323  0.159  0.000  0.266  309  283  328  
2209+236  0.093  0.000  0.148  162  124  200  0.345  0.000  0.579  163  154  170  0.698  0.000  1.287  62  56  67  
2214+350  0.270  0.000  0.475  350  343  357  0.151  0.000  0.258  62  40  82  0.785  0.000  1.483  343  335  347  
2223-052  0.115  0.000  0.182  292  264  316  0.119  0.000  0.200  153  121  184  3.913  0.000  7.727  95  -85  101  
2223-114  1.497  0.000  2.749  174  171  176  1.135  0.000  1.972  155  150  159  1.377  0.000  2.487  186  176  190  
2227-088  0.083  0.000  0.136  191  146  231  0.122  0.000  0.204  178  156  196  0.199  0.000  0.325  128  112  141  
2227-399  0.989  0.000  1.752  1  -179  5  0.182  0.000  0.303  19  -161  50  0.315  0.000  0.492  208  186  229  
2229+695  0.242  0.000  0.412  282  271  292  0.206  0.000  0.340  240  219  257  0.568  0.000  1.014  242  236  249  
2232-488  0.099  0.000  0.152  197  155  237  0.528  0.000  0.919  185  181  189  0.341  0.000  0.592  58  46  69  
2233-148  0.113  0.000  0.195  128  89  165  0.137  0.000  0.231  192  142  222  0.281  0.000  0.472  93  77  108  
2234+282  0.373  0.000  0.676  219  212  225  0.336  0.000  0.553  197  188  204  0.494  0.000  0.891  219  212  226  
2239+096  0.086  0.000  0.149  178  149  205  0.179  0.000  0.271  193  176  209  0.553  0.000  0.947  319  311  325  
2244-372  0.108  0.000  0.181  338  312  357  0.264  0.000  0.452  204  195  213  0.752  0.000  1.310  152  145  157  
2245-128  0.221  0.000  0.354  1  -179  12  0.143  0.000  0.230  163  98  202  0.442  0.000  0.766  72  60  83  
2245-328  0.164  0.000  0.261  160  146  174  0.312  0.000  0.536  182  172  189  0.399  0.000  0.654  171  161  180  
2251+158  0.398  0.000  0.718  65  57  71  0.411  0.000  0.734  74  65  82  0.487  0.000  0.877  75  68  82  
2253+417  0.138  0.000  0.216  179  161  195  0.180  0.000  0.300  142  122  163  0.201  0.000  0.300  330  302  354  
2254+024  0.188  0.000  0.288  152  137  166  0.094  0.000  0.172  171  134  205  0.187  0.000  0.282  130  99  164  
2254+074  0.116  0.000  0.185  346  324  365  0.127  0.000  0.205  166  134  195  1.488  0.000  2.899  233  53  237  
2255-282  0.073  0.000  0.126  337  283  379  0.184  0.000  0.281  176  157  190  0.195  0.000  0.332  227  207  246  
2256-084  0.225  0.000  0.391  4  -176  27  0.608  0.000  0.950  152  143  160  0.376  0.000  0.600  330  315  341  
2309+454  0.078  0.000  0.134  194  154  225  0.122  0.000  0.196  36  -144  74  0.491  0.000  0.874  20  12  28  
2312-505  0.450  0.000  0.778  4  -176  10  0.490  0.000  0.840  347  340  353  0.471  0.000  0.794  313  304  321  
2316+238  0.169  0.000  0.285  345  331  359  0.217  0.000  0.365  45  16  68  0.244  0.000  0.392  278  254  301  
2318+049  0.198  0.000  0.325  164  154  174  0.201  0.000  0.335  134  116  149  0.163  0.000  0.277  123  106  139  
2319+272  0.127  0.000  0.204  87  59  112  0.225  0.000  0.358  96  75  116  0.682  0.000  1.240  338  330  343  
2320-035  0.093  0.000  0.159  157  119  189  0.103  0.000  0.185  175  146  211  0.262  0.000  0.437  287  273  300  
2325+093  0.165  0.000  0.276  228  211  242  0.127  0.000  0.209  200  176  222  0.279  0.000  0.444  174  153  189  
2328+107  0.102  0.000  0.169  339  303  365  0.234  0.000  0.376  153  138  167  0.313  0.000  0.483  111  97  124  
2331-240  0.146  0.000  0.226  3  -177  25  0.187  0.000  0.315  174  161  188  0.697  0.000  1.268  152  144  157  
2335-027  0.139  0.000  0.219  350  332  366  0.120  0.000  0.191  379  350  418  0.606  0.000  1.103  40  34  46  
2344+092  0.221  0.000  0.349  66  51  80  0.163  0.000  0.282  32  10  47  0.469  0.000  0.843  192  183  200  
2344-514  0.589  0.000  1.070  34  27  39  0.385  0.000  0.627  21  12  29  0.287  0.000  0.471  111  97  126  
2345+061  0.176  0.000  0.289  155  114  174  0.215  0.000  0.347  350  333  371  0.502  0.000  0.914  30  20  39  
2346+385  0.169  0.000  0.266  204  181  224  0.255  0.000  0.372  171  152  185  0.314  0.000  0.496  269  253  286  
2351+456  0.227  0.000  0.397  88  75  98  0.327  0.000  0.564  101  90  113  1.801  0.000  3.472  350  170  353  
2351-154  0.079  0.000  0.138  112  72  151  0.139  0.000  0.214  192  165  219  0.130  0.000  0.217  113  76  141  
2353+816  0.148  0.000  0.230  300  278  320  0.145  0.000  0.238  2  -178  17  0.644  0.000  1.183  32  24  38  
2354-021  0.478  0.000  0.778  170  163  176  0.373  0.000  0.565  175  166  184  0.343  0.000  0.528  164  150  176  
2355-106  0.237  0.000  0.398  319  309  329  0.223  0.000  0.358  256  233  274  0.340  0.000  0.573  267  256  276  
2355-534  0.188  0.000  0.317  53  40  65  0.109  0.000  0.195  4  -176  21  0.562  0.000  0.985  265  259  271  
2357-318  0.353  0.000  0.637  129  122  136  0.116  0.000  0.188  23  -157  54  0.319  0.000  0.526  219  204  232  
